[debug] [2018-07-19T10:10:19.184Z] ----------------------------------------------------------------------
[debug] [2018-07-19T10:10:19.184Z] Command:       D:\Applications\nodejs\node.exe C:\Users\rutaj.LAPTOP-OO5N8207\AppData\Roaming\npm\node_modules\firebase-tools\bin\firebase serve
[debug] [2018-07-19T10:10:19.184Z] CLI Version:   3.19.3
[debug] [2018-07-19T10:10:19.184Z] Platform:      win32
[debug] [2018-07-19T10:10:19.184Z] Node Version:  v9.9.0
[debug] [2018-07-19T10:10:19.184Z] Time:          Thu Jul 19 2018 13:10:19 GMT+0300 (Arab Standard Time)
[debug] [2018-07-19T10:10:19.184Z] ----------------------------------------------------------------------
[debug] 
[debug] [2018-07-19T10:10:19.203Z] > command requires scopes: ["email","openid","https://www.googleapis.com/auth/cloudplatformprojects.readonly","https://www.googleapis.com/auth/firebase","https://www.googleapis.com/auth/cloud-platform"]
[debug] [2018-07-19T10:10:19.204Z] > authorizing via signed-in user
[debug] [2018-07-19T10:10:19.205Z] >>> HTTP REQUEST GET https://admin.firebase.com/v1/projects/tedxbps  
  
 Thu Jul 19 2018 13:10:19 GMT+0300 (Arab Standard Time)
[debug] [2018-07-19T10:10:34.050Z] ----------------------------------------------------------------------
[debug] [2018-07-19T10:10:34.050Z] Command:       D:\Applications\nodejs\node.exe C:\Users\rutaj.LAPTOP-OO5N8207\AppData\Roaming\npm\node_modules\firebase-tools\bin\firebase serve --only hosting
[debug] [2018-07-19T10:10:34.050Z] CLI Version:   3.19.3
[debug] [2018-07-19T10:10:34.050Z] Platform:      win32
[debug] [2018-07-19T10:10:34.050Z] Node Version:  v9.9.0
[debug] [2018-07-19T10:10:34.050Z] Time:          Thu Jul 19 2018 13:10:34 GMT+0300 (Arab Standard Time)
[debug] [2018-07-19T10:10:34.050Z] ----------------------------------------------------------------------
[debug] 
[debug] [2018-07-19T10:10:34.066Z] > command requires scopes: ["email","openid","https://www.googleapis.com/auth/cloudplatformprojects.readonly","https://www.googleapis.com/auth/firebase","https://www.googleapis.com/auth/cloud-platform"]
[debug] [2018-07-19T10:10:34.066Z] > authorizing via signed-in user
[debug] [2018-07-19T10:10:34.066Z] >>> HTTP REQUEST GET https://admin.firebase.com/v1/projects/tedxbps  
  
 Thu Jul 19 2018 13:10:34 GMT+0300 (Arab Standard Time)
[debug] [2018-07-19T10:10:35.222Z] <<< HTTP RESPONSE 200
[debug] [2018-07-19T10:10:35.222Z] >>> HTTP REQUEST GET https://admin.firebase.com/v1/database/tedxbps/tokens  
  
 Thu Jul 19 2018 13:10:35 GMT+0300 (Arab Standard Time)
[debug] [2018-07-19T10:10:36.125Z] <<< HTTP RESPONSE 200
[debug] [2018-07-19T10:10:36.125Z] >>> HTTP REQUEST GET https://cloudresourcemanager.googleapis.com/v1/projects/tedxbps  
  
 Thu Jul 19 2018 13:10:36 GMT+0300 (Arab Standard Time)
[debug] [2018-07-19T10:10:37.328Z] <<< HTTP RESPONSE 200
[info] 
[info] === Serving from 'H:\Projects\TEDx'...
[info] 
[debug] [2018-07-19T10:10:37.350Z] >>> HTTP REQUEST GET https://mobilesdk-pa.googleapis.com/v1/projects/774514740494/clients/_:getWebAppConfig  
  
 Thu Jul 19 2018 13:10:37 GMT+0300 (Arab Standard Time)
[debug] [2018-07-19T10:10:38.466Z] <<< HTTP RESPONSE 200
[info] i  hosting: Serving hosting files from: dist
[info] +  hosting: Local server: http://localhost:5000

